This is pdfTeX, Version 3.1415926-2.5-1.40.14 (TeX Live 2013/Debian) (format=pdflatex 2014.9.1)  6 APR 2016 15:21
entering extended mode
 restricted \write18 enabled.
 %&-line parsing enabled.
**letex1.tex
(./letex1.tex
LaTeX2e <2011/06/27>
Babel <3.9h> and hyphenation patterns for 78 languages loaded.
(/usr/share/texlive/texmf-dist/tex/latex/lettre/lettre.cls
(/usr/share/texlive/texmf-dist/tex/latex/graphics/graphicx.sty
Package: graphicx 1999/02/16 v1.0f Enhanced LaTeX Graphics (DPC,SPQR)

(/usr/share/texlive/texmf-dist/tex/latex/graphics/keyval.sty
Package: keyval 1999/03/16 v1.13 key=value parser (DPC)
\KV@toks@=\toks14
)
(/usr/share/texlive/texmf-dist/tex/latex/graphics/graphics.sty
Package: graphics 2009/02/05 v1.0o Standard LaTeX Graphics (DPC,SPQR)

(/usr/share/texlive/texmf-dist/tex/latex/graphics/trig.sty
Package: trig 1999/03/16 v1.09 sin cos tan (DPC)
)
(/etc/texmf/tex/latex/config/graphics.cfg
File: graphics.cfg 2009/08/28 v1.8 graphics configuration of TeX Live
)
Package graphics Info: Driver file: pdftex.def on input line 91.

(/usr/share/texlive/texmf-dist/tex/latex/pdftex-def/pdftex.def
File: pdftex.def 2011/05/27 v0.06d Graphics/color for pdfTeX

(/usr/share/texlive/texmf-dist/tex/generic/oberdiek/infwarerr.sty
Package: infwarerr 2010/04/08 v1.3 Providing info/warning/error messages (HO)
)
(/usr/share/texlive/texmf-dist/tex/generic/oberdiek/ltxcmds.sty
Package: ltxcmds 2011/11/09 v1.22 LaTeX kernel commands for general use (HO)
)
\Gread@gobject=\count79
))
\Gin@req@height=\dimen102
\Gin@req@width=\dimen103
)
Document Class: lettre 2013/10/07 v2.349
Copyleft Denis Megevand - Observatoire de Geneve

Package lettre Warning: Mode `origdate'.

(/usr/share/texlive/texmf-dist/tex/latex/base/size12.clo
File: size12.clo 2007/10/19 v1.4h Standard LaTeX file (size option)
)
\auxcount=\count80
\c@infos=\count81
\c@labelstart=\count82
\c@lettre=\count83
\c@telefax=\count84
\emailcount=\count85
\faxpage=\count86
\sigflag=\count87
\signum=\count88
\letterwidth=\dimen104
\openingspace=\dimen105
\openingindent=\dimen106
\lettermargin=\dimen107
\listmargin=\dimen108
\sigspace=\dimen109
\ssigindent=\dimen110
\ssigwidth=\dimen111
\msigwidth=\dimen112
\fromaddress@let@width=\dimen113
\fromlieu@let@width=\dimen114
\toaddress@let@width=\dimen115
\fromaddress@fax@width=\dimen116
\faxstring@width=\dimen117
\faxbox@width=\dimen118
\toaddress@fax@width=\dimen119
\fromname@fax@width=\dimen120
\@tensionaux=\write3
\@dateaux=\write4
\@etiqaux=\write5
\@faxaux=\write6

LETTRE INFO: Langage par defaut: francais.
) (/usr/share/texlive/texmf-dist/tex/generic/babel/babel.sty
Package: babel 2013/12/03 3.9h The Babel package

(/usr/share/texlive/texmf-dist/tex/generic/babel-french/frenchb.ldf
Language: frenchb 2013/12/30 v2.6g French support from the babel system

(/usr/share/texlive/texmf-dist/tex/generic/babel/babel.def
File: babel.def 2013/12/03 3.9h Babel common definitions
\babel@savecnt=\count89
\U@D=\dimen121
)
\FB@interchartokenstateORI=\count90
Package babel Info: Making : an active character on input line 244.
Package babel Info: Making ; an active character on input line 245.
Package babel Info: Making ! an active character on input line 246.
Package babel Info: Making ? an active character on input line 247.
\FB@Mht=\dimen122
\std@mcc=\count91
\dec@mcc=\count92
\listindentFB=\skip41
\labelwidthFB=\skip42
\leftmarginFB=\skip43
\parindentFFN=\dimen123
))
(/usr/share/texlive/texmf-dist/tex/latex/carlisle/scalefnt.sty)
(/usr/share/texlive/texmf-dist/tex/latex/base/fontenc.sty
Package: fontenc 2005/09/27 v1.99g Standard LaTeX package

(/usr/share/texlive/texmf-dist/tex/latex/base/ot1enc.def
File: ot1enc.def 2005/09/27 v1.99g Standard LaTeX file
LaTeX Font Info:    Redeclaring font encoding OT1 on input line 43.
))
(/usr/share/texlive/texmf-dist/tex/latex/mltex/mltex.sty
Package: mltex 1999/08/03 v0.9c MLTeX/LaTeX package (br)

(/usr/share/texlive/texmf-dist/tex/latex/mltex/lo1enc.def
File: lo1enc.def 1999/03/09 v0.9h MLTeX/LaTeX fontenc definition: mLtex's Ot1 (
br)

(/usr/share/texlive/texmf-dist/tex/latex/mltex/mlltxchg.def
File: mlltxchg.def 1999/03/08 v0.9c MLTeX/LaTeX changes of LaTeX Kernel (NFSS) 
(br)
MLTeX Support Info: Have to change NFSS kernel macros on input line 38.
)
LaTeX Font Info:    Redeclaring font def. encoding alias for LO1 on input line 
70.


Package mltex Warning: Encoding `LO1' assumes the use of MLTeX,
(mltex)                but this TeX does not have the MLTeX extensions.
(mltex)                I will proceed as if `LO1' are equal to `OT1'.

)
Package mltex Info: Redefining \fontencoding ! on input line 61.
)
No file letex1.aux.
\openout1 = `letex1.aux'.

LaTeX Font Info:    Checking defaults for OML/cmm/m/it on input line 15.
LaTeX Font Info:    ... okay on input line 15.
LaTeX Font Info:    Checking defaults for T1/cmr/m/n on input line 15.
LaTeX Font Info:    ... okay on input line 15.
LaTeX Font Info:    Checking defaults for OT1/cmr/m/n on input line 15.
LaTeX Font Info:    ... okay on input line 15.
LaTeX Font Info:    Checking defaults for OMS/cmsy/m/n on input line 15.
LaTeX Font Info:    ... okay on input line 15.
LaTeX Font Info:    Checking defaults for OMX/cmex/m/n on input line 15.
LaTeX Font Info:    ... okay on input line 15.
LaTeX Font Info:    Checking defaults for U/cmr/m/n on input line 15.
LaTeX Font Info:    ... okay on input line 15.
LaTeX Font Info:    Checking defaults for LO1/cmr/m/n on input line 15.
LaTeX Font Info:    ... okay on input line 15.
(/usr/share/texlive/texmf-dist/tex/context/base/supp-pdf.mkii
[Loading MPS to PDF converter (version 2006.09.02).]
\scratchcounter=\count93
\scratchdimen=\dimen124
\scratchbox=\box26
\nofMPsegments=\count94
\nofMParguments=\count95
\everyMPshowfont=\toks15
\MPscratchCnt=\count96
\MPscratchDim=\dimen125
\MPnumerator=\count97
\makeMPintoPDFobject=\count98
\everyMPtoPDFconversion=\toks16
)
No file letex1.tns.
No file letex1.odt.
\openout3 = `letex1.tns'.

\openout4 = `letex1.odt'.

LaTeX Info: Redefining \degres on input line 15.

Package frenchb.ldf Warning: The definition of \@makecaption has been changed,
(frenchb.ldf)                frenchb will NOT customise it;
(frenchb.ldf)                reported on input line 15.

LaTeX Info: Redefining \dots on input line 15.
LaTeX Info: Redefining \up on input line 15.
LETTRE INFO: Lettre 1.
(/usr/share/texlive/texmf-dist/tex/latex/lettre/default.ins
LETTRE INFO: Adresse precisee.
LETTRE INFO: Numero de telephone precise.
LETTRE INFO: Numero de fax precise.
LETTRE INFO: Lieu precise.
)
LETTRE INFO: `le 6 avril 2016' ecrit dans letex1.odt.
LaTeX Font Info:    External font `cmex10' loaded for size
(Font)              <12> on input line 31.
LaTeX Font Info:    External font `cmex10' loaded for size
(Font)              <8> on input line 31.
LaTeX Font Info:    External font `cmex10' loaded for size
(Font)              <6> on input line 31.
LETTRE INFO: Signature manquante .
LETTRE INFO: Longueur de la derniere page : 504.35675pt>= 250pt.
[1


{/var/lib/texmf/fonts/map/pdftex/updmap/pdftex.map}]
LETTRE INFO: Nombre de lettres :1.
LETTRE INFO: Nombre de telefax :0.
(./letex1.aux) ) 
Here is how much of TeX's memory you used:
 2383 strings out of 493308
 30485 string characters out of 6140093
 98019 words of memory out of 5000000
 5850 multiletter control sequences out of 15000+600000
 6376 words of font info for 23 fonts, out of 8000000 for 9000
 957 hyphenation exceptions out of 8191
 34i,7n,25p,288b,414s stack positions out of 5000i,500n,10000p,200000b,80000s
</usr/share/texlive/texmf-dist/fonts/type1/public/amsfonts/cm/c
mr12.pfb>
Output written on letex1.pdf (1 page, 21059 bytes).
PDF statistics:
 10 PDF objects out of 1000 (max. 8388607)
 0 named destinations out of 1000 (max. 500000)
 1 words of extra memory for PDF output out of 10000 (max. 10000000)

