This is pdfTeX, Version 3.1415926-2.5-1.40.14 (TeX Live 2013/Debian) (format=pdflatex 2014.9.1)  6 APR 2016 15:27
entering extended mode
 restricted \write18 enabled.
 %&-line parsing enabled.
**letex7.tex
(./letex7.tex
LaTeX2e <2011/06/27>
Babel <3.9h> and hyphenation patterns for 78 languages loaded.
(/usr/share/texlive/texmf-dist/tex/latex/lettre/lettre.cls
(/usr/share/texlive/texmf-dist/tex/latex/graphics/graphicx.sty
Package: graphicx 1999/02/16 v1.0f Enhanced LaTeX Graphics (DPC,SPQR)

(/usr/share/texlive/texmf-dist/tex/latex/graphics/keyval.sty
Package: keyval 1999/03/16 v1.13 key=value parser (DPC)
\KV@toks@=\toks14
)
(/usr/share/texlive/texmf-dist/tex/latex/graphics/graphics.sty
Package: graphics 2009/02/05 v1.0o Standard LaTeX Graphics (DPC,SPQR)

(/usr/share/texlive/texmf-dist/tex/latex/graphics/trig.sty
Package: trig 1999/03/16 v1.09 sin cos tan (DPC)
)
(/etc/texmf/tex/latex/config/graphics.cfg
File: graphics.cfg 2009/08/28 v1.8 graphics configuration of TeX Live
)
Package graphics Info: Driver file: pdftex.def on input line 91.

(/usr/share/texlive/texmf-dist/tex/latex/pdftex-def/pdftex.def
File: pdftex.def 2011/05/27 v0.06d Graphics/color for pdfTeX

(/usr/share/texlive/texmf-dist/tex/generic/oberdiek/infwarerr.sty
Package: infwarerr 2010/04/08 v1.3 Providing info/warning/error messages (HO)
)
(/usr/share/texlive/texmf-dist/tex/generic/oberdiek/ltxcmds.sty
Package: ltxcmds 2011/11/09 v1.22 LaTeX kernel commands for general use (HO)
)
\Gread@gobject=\count79
))
\Gin@req@height=\dimen102
\Gin@req@width=\dimen103
)
Document Class: lettre 2013/10/07 v2.349
Copyleft Denis Megevand - Observatoire de Geneve

Package lettre Warning: Mode `origdate'.

(/usr/share/texlive/texmf-dist/tex/latex/base/size12.clo
File: size12.clo 2007/10/19 v1.4h Standard LaTeX file (size option)
)
\auxcount=\count80
\c@infos=\count81
\c@labelstart=\count82
\c@lettre=\count83
\c@telefax=\count84
\emailcount=\count85
\faxpage=\count86
\sigflag=\count87
\signum=\count88
\letterwidth=\dimen104
\openingspace=\dimen105
\openingindent=\dimen106
\lettermargin=\dimen107
\listmargin=\dimen108
\sigspace=\dimen109
\ssigindent=\dimen110
\ssigwidth=\dimen111
\msigwidth=\dimen112
\fromaddress@let@width=\dimen113
\fromlieu@let@width=\dimen114
\toaddress@let@width=\dimen115
\fromaddress@fax@width=\dimen116
\faxstring@width=\dimen117
\faxbox@width=\dimen118
\toaddress@fax@width=\dimen119
\fromname@fax@width=\dimen120
\@tensionaux=\write3
\@dateaux=\write4
\@etiqaux=\write5
\@faxaux=\write6

LETTRE INFO: Langage par defaut: francais.
) (/usr/share/texlive/texmf-dist/tex/generic/babel/babel.sty
Package: babel 2013/12/03 3.9h The Babel package

(/usr/share/texlive/texmf-dist/tex/generic/babel-french/frenchb.ldf
Language: frenchb 2013/12/30 v2.6g French support from the babel system

(/usr/share/texlive/texmf-dist/tex/generic/babel/babel.def
File: babel.def 2013/12/03 3.9h Babel common definitions
\babel@savecnt=\count89
\U@D=\dimen121
)
\FB@interchartokenstateORI=\count90
Package babel Info: Making : an active character on input line 244.
Package babel Info: Making ; an active character on input line 245.
Package babel Info: Making ! an active character on input line 246.
Package babel Info: Making ? an active character on input line 247.
\FB@Mht=\dimen122
\std@mcc=\count91
\dec@mcc=\count92
\listindentFB=\skip41
\labelwidthFB=\skip42
\leftmarginFB=\skip43
\parindentFFN=\dimen123
)
(/usr/share/texlive/texmf-dist/tex/generic/babel-english/english.ldf
Language: english 2012/08/20 v3.3p English support from the babel system
\l@canadian = a dialect from \language\l@american 
\l@australian = a dialect from \language\l@british 
\l@newzealand = a dialect from \language\l@british 
))
(/usr/share/texlive/texmf-dist/tex/latex/carlisle/scalefnt.sty)
(/usr/share/texlive/texmf-dist/tex/latex/base/fontenc.sty
Package: fontenc 2005/09/27 v1.99g Standard LaTeX package

(/usr/share/texlive/texmf-dist/tex/latex/base/ot1enc.def
File: ot1enc.def 2005/09/27 v1.99g Standard LaTeX file
LaTeX Font Info:    Redeclaring font encoding OT1 on input line 43.
))
(/usr/share/texlive/texmf-dist/tex/latex/mltex/mltex.sty
Package: mltex 1999/08/03 v0.9c MLTeX/LaTeX package (br)

(/usr/share/texlive/texmf-dist/tex/latex/mltex/lo1enc.def
File: lo1enc.def 1999/03/09 v0.9h MLTeX/LaTeX fontenc definition: mLtex's Ot1 (
br)

(/usr/share/texlive/texmf-dist/tex/latex/mltex/mlltxchg.def
File: mlltxchg.def 1999/03/08 v0.9c MLTeX/LaTeX changes of LaTeX Kernel (NFSS) 
(br)
MLTeX Support Info: Have to change NFSS kernel macros on input line 38.
)
LaTeX Font Info:    Redeclaring font def. encoding alias for LO1 on input line 
70.


Package mltex Warning: Encoding `LO1' assumes the use of MLTeX,
(mltex)                but this TeX does not have the MLTeX extensions.
(mltex)                I will proceed as if `LO1' are equal to `OT1'.

)
Package mltex Info: Redefining \fontencoding ! on input line 61.
) (./letex7.aux)
\openout1 = `letex7.aux'.

LaTeX Font Info:    Checking defaults for OML/cmm/m/it on input line 15.
LaTeX Font Info:    ... okay on input line 15.
LaTeX Font Info:    Checking defaults for T1/cmr/m/n on input line 15.
LaTeX Font Info:    ... okay on input line 15.
LaTeX Font Info:    Checking defaults for OT1/cmr/m/n on input line 15.
LaTeX Font Info:    ... okay on input line 15.
LaTeX Font Info:    Checking defaults for OMS/cmsy/m/n on input line 15.
LaTeX Font Info:    ... okay on input line 15.
LaTeX Font Info:    Checking defaults for OMX/cmex/m/n on input line 15.
LaTeX Font Info:    ... okay on input line 15.
LaTeX Font Info:    Checking defaults for U/cmr/m/n on input line 15.
LaTeX Font Info:    ... okay on input line 15.
LaTeX Font Info:    Checking defaults for LO1/cmr/m/n on input line 15.
LaTeX Font Info:    ... okay on input line 15.
 (/usr/share/texlive/texmf-dist/tex/context/base/supp-pdf.mkii
[Loading MPS to PDF converter (version 2006.09.02).]
\scratchcounter=\count93
\scratchdimen=\dimen124
\scratchbox=\box26
\nofMPsegments=\count94
\nofMParguments=\count95
\everyMPshowfont=\toks15
\MPscratchCnt=\count96
\MPscratchDim=\dimen125
\MPnumerator=\count97
\makeMPintoPDFobject=\count98
\everyMPtoPDFconversion=\toks16
) (./letex7.tns) (./letex7.odt)
\openout3 = `letex7.tns'.

\openout4 = `letex7.odt'.

LaTeX Info: Redefining \degres on input line 15.


Package frenchb.ldf Warning: The definition of \@makecaption has been changed,
(frenchb.ldf)                frenchb will NOT customise it;
(frenchb.ldf)                reported on input line 15.

LaTeX Info: Redefining \dots on input line 15.
LaTeX Info: Redefining \up on input line 15.
LETTRE INFO: Fichier de defaut: obs.ins.
LETTRE INFO: Lettre 1.
(./obs.ins
LETTRE INFO: Langage modifie: romand.
)
LETTRE INFO: Langage modifie: anglais.
LETTRE WARNING: La commande \Nref~ devrait etre utilisee..
LETTRE WARNING: L'adresse X400 de l'Observatoire (\ccittobs) ne doit plus être 
utilisée.
LETTRE INFO: Champ d'objet defini.
LETTRE INFO: `April 6, 2016' ecrit dans letex7.odt.
LaTeX Font Info:    Try loading font information for T1+cmdh on input line 55.
(/usr/share/texlive/texmf-dist/tex/latex/base/t1cmdh.fd
File: t1cmdh.fd 1999/05/25 v2.5h Standard LaTeX font definitions
)
LaTeX Font Info:    External font `cmex10' loaded for size
(Font)              <12> on input line 55.
LaTeX Font Info:    External font `cmex10' loaded for size
(Font)              <8> on input line 55.
LaTeX Font Info:    External font `cmex10' loaded for size
(Font)              <6> on input line 55.

LETTRE INFO: Ligne auxiliaire demandee.
LaTeX Font Info:    External font `cmex10' loaded for size
(Font)              <7> on input line 57.
LaTeX Font Info:    External font `cmex10' loaded for size
(Font)              <5> on input line 57.

! LaTeX Error: \begin{itemize} on input line 60 ended by \end{list}.

See the LaTeX manual or LaTeX Companion for explanation.
Type  H <return>  for immediate help.
 ...                                              
                                                  
l.67 \end{itemize}
                  
Your command was ignored.
Type  I <command> <return>  to replace it with another command,
or  <return>  to continue without it.


! LaTeX Error: \begin{letter} on input line 34 ended by \end{itemize}.

See the LaTeX manual or LaTeX Companion for explanation.
Type  H <return>  for immediate help.
 ...                                              
                                                  
l.67 \end{itemize}
                  
Your command was ignored.
Type  I <command> <return>  to replace it with another command,
or  <return>  to continue without it.


Underfull \hbox (badness 10000) detected at line 72
\OT1/cmr/m/it/12 Editors
 []

[1


{/var/lib/texmf/fonts/map/pdftex/updmap/pdftex.map}]
! Missing number, treated as zero.
<to be read again> 
                   \letter1 
l.122 \closing{Sincerely}
                         
A number should have been here; I inserted `0'.
(If you can't figure out why I needed to see a number,
look up `weird error' in the index to The TeXbook.)

! Illegal unit of measure (pt inserted).
<to be read again> 
                   \letter1 
l.122 \closing{Sincerely}
                         
Dimensions can be in units of em, ex, in, pt, pc,
cm, mm, dd, cc, nd, nc, bp, or sp; but yours is a new one!
I'll assume that you meant to say pt, for printer's points.
To recover gracefully from this error, it's best to
delete the erroneous units; e.g., type `2' to delete
two letters. (See Chapter 27 of The TeXbook.)

LETTRE INFO: Signature manquante .
! Undefined control sequence.
<argument> ... \centering \ignorespaces \fromname 
                                                  \@@par 
l.122 \closing{Sincerely}
                         
The control sequence at the end of the top line
of your error message was never \def'ed. If you have
misspelled it (e.g., `\hobx'), type `I' and the correct
spelling (e.g., `I\hbox'). Otherwise just continue,
and I'll forget about whatever was undefined.

LETTRE INFO: Longueur de la derniere page : 643.9686pt>= 250pt.
[2]

! LaTeX Error: \begin{document} ended by \end{letter}.

See the LaTeX manual or LaTeX Companion for explanation.
Type  H <return>  for immediate help.
 ...                                              
                                                  
l.124 \end{letter}
                  
Your command was ignored.
Type  I <command> <return>  to replace it with another command,
or  <return>  to continue without it.

! Extra \endgroup.
<recently read> \endgroup 
                          
l.124 \end{letter}
                  
Things are pretty mixed up, but I think the worst is over.

LETTRE INFO: Nombre de lettres :1.
LETTRE INFO: Nombre de telefax :0.
(./letex7.aux) ) 
Here is how much of TeX's memory you used:
 2444 strings out of 493308
 31320 string characters out of 6140093
 101601 words of memory out of 5000000
 5896 multiletter control sequences out of 15000+600000
 8555 words of font info for 27 fonts, out of 8000000 for 9000
 957 hyphenation exceptions out of 8191
 34i,8n,25p,296b,469s stack positions out of 5000i,500n,10000p,200000b,80000s
{/usr/share/texmf/fonts/enc/dvips/cm-super/cm-super-t1.enc}</us
r/share/texlive/texmf-dist/fonts/type1/public/amsfonts/cm/cmex10.pfb></usr/shar
e/texlive/texmf-dist/fonts/type1/public/amsfonts/cm/cmmi12.pfb></usr/share/texl
ive/texmf-dist/fonts/type1/public/amsfonts/cm/cmr10.pfb></usr/share/texlive/tex
mf-dist/fonts/type1/public/amsfonts/cm/cmr12.pfb></usr/share/texlive/texmf-dist
/fonts/type1/public/amsfonts/cm/cmr6.pfb></usr/share/texlive/texmf-dist/fonts/t
ype1/public/amsfonts/cm/cmr7.pfb></usr/share/texlive/texmf-dist/fonts/type1/pub
lic/amsfonts/cm/cmr8.pfb></usr/share/texlive/texmf-dist/fonts/type1/public/amsf
onts/cm/cmsy10.pfb></usr/share/texlive/texmf-dist/fonts/type1/public/amsfonts/c
m/cmti12.pfb></usr/share/texmf/fonts/type1/public/cm-super/sfdh1000.pfb></usr/s
hare/texmf/fonts/type1/public/cm-super/sfdh1440.pfb>
Output written on letex7.pdf (2 pages, 129057 bytes).
PDF statistics:
 54 PDF objects out of 1000 (max. 8388607)
 0 named destinations out of 1000 (max. 500000)
 1 words of extra memory for PDF output out of 10000 (max. 10000000)

